#
# There is insufficient memory for the Java Runtime Environment to continue.
# Native memory allocation (malloc) failed to allocate 261776 bytes for Chunk::new
# Possible reasons:
#   The system is out of physical RAM or swap space
#   In 32 bit mode, the process size limit was hit
# Possible solutions:
#   Reduce memory load on the system
#   Increase physical memory or swap space
#   Check if swap backing store is full
#   Use 64 bit Java on a 64 bit OS
#   Decrease Java heap size (-Xmx/-Xms)
#   Decrease number of Java threads
#   Decrease Java thread stack sizes (-Xss)
#   Set larger code cache with -XX:ReservedCodeCacheSize=
# This output file may be truncated or incomplete.
#
#  Out of Memory Error (allocation.cpp:390), pid=10844, tid=0x00000000000040e0
#
# JRE version: OpenJDK Runtime Environment (8.0) (build 1.8.0-9-microsoft-b00)
# Java VM: OpenJDK 64-Bit Server VM (25.71-b00 mixed mode windows-amd64 compressed oops)
# Failed to write core dump. Minidumps are not enabled by default on client versions of Windows
#

---------------  T H R E A D  ---------------

Current thread (0x0000000017626800):  JavaThread "C2 CompilerThread1" daemon [_thread_in_native, id=16608, stack(0x0000000018e80000,0x0000000018f80000)]

Stack: [0x0000000018e80000,0x0000000018f80000]
[error occurred during error reporting (printing stack bounds), id 0xc0000005]

Native frames: (J=compiled Java code, j=interpreted, Vv=VM code, C=native code)


Current CompileTask:
C2:  10929 2781 %     4       com.android.dx.ssa.SsaMethod::deleteInsns @ 42 (239 bytes)


---------------  P R O C E S S  ---------------

Java Threads: ( => current thread )
  0x0000000019367800 JavaThread "pool-2-thread-1" [_thread_blocked, id=18404, stack(0x0000000019780000,0x0000000019880000)]
  0x0000000019367000 JavaThread "pool-1-thread-1" [_thread_in_Java, id=12076, stack(0x0000000019680000,0x0000000019780000)]
  0x00000000190a8800 JavaThread "Service Thread" daemon [_thread_blocked, id=11452, stack(0x0000000019480000,0x0000000019580000)]
  0x000000001762d000 JavaThread "C1 CompilerThread2" daemon [_thread_blocked, id=508, stack(0x0000000018f80000,0x0000000019080000)]
=>0x0000000017626800 JavaThread "C2 CompilerThread1" daemon [_thread_in_native, id=16608, stack(0x0000000018e80000,0x0000000018f80000)]
  0x0000000017621000 JavaThread "C2 CompilerThread0" daemon [_thread_in_native, id=6044, stack(0x0000000018d80000,0x0000000018e80000)]
  0x0000000017620000 JavaThread "Attach Listener" daemon [_thread_blocked, id=9532, stack(0x0000000018c80000,0x0000000018d80000)]
  0x000000001761f000 JavaThread "Signal Dispatcher" daemon [_thread_blocked, id=2200, stack(0x0000000018b80000,0x0000000018c80000)]
  0x0000000004f4e000 JavaThread "Finalizer" daemon [_thread_blocked, id=18864, stack(0x0000000018880000,0x0000000018980000)]
  0x0000000004f43800 JavaThread "Reference Handler" daemon [_thread_blocked, id=18636, stack(0x0000000018780000,0x0000000018880000)]
  0x0000000004e52800 JavaThread "main" [_thread_in_Java, id=17788, stack(0x0000000004d50000,0x0000000004e50000)]

Other Threads:
  0x00000000175e9000 VMThread [stack: 0x0000000018680000,0x0000000018780000] [id=17300]
  0x000000001767e000 WatcherThread [stack: 0x0000000019580000,0x0000000019680000] [id=11732]

VM state:not at safepoint (normal execution)

VM Mutex/Monitor currently owned by a thread: None

Heap:
 PSYoungGen      total 296960K, used 198090K [0x00000000eab00000, 0x00000000ff100000, 0x0000000100000000)
  eden space 264704K, 65% used [0x00000000eab00000,0x00000000f54d2a58,0x00000000fad80000)
  from space 32256K, 74% used [0x00000000fce80000,0x00000000fe61fe10,0x00000000fee00000)
  to   space 33792K, 0% used [0x00000000fad80000,0x00000000fad80000,0x00000000fce80000)
 ParOldGen       total 87552K, used 57258K [0x00000000c0000000, 0x00000000c5580000, 0x00000000eab00000)
  object space 87552K, 65% used [0x00000000c0000000,0x00000000c37eab98,0x00000000c5580000)
 Metaspace       used 6753K, capacity 7384K, committed 7680K, reserved 1056768K
  class space    used 621K, capacity 656K, committed 768K, reserved 1048576K

Card table byte_map: [0x0000000014310000,0x0000000014520000] byte_map_base: 0x0000000013d10000

Marking Bits: (ParMarkBitMap*) 0x0000000068865aa0
 Begin Bits: [0x0000000014a80000, 0x0000000015a80000)
 End Bits:   [0x0000000015a80000, 0x0000000016a80000)

Polling page: 0x0000000002e90000

CodeCache: size=245760Kb used=10452Kb max_used=10455Kb free=235307Kb
 bounds [0x0000000004f50000, 0x0000000005a10000, 0x0000000013f50000]
 total_blobs=2322 nmethods=2047 adapters=188
 compilation: enabled

Compilation events (10 events):
Event: 10.903 Thread 0x000000001762d000 2775       3       com.android.dx.rop.cst.CstLiteral32::equals (35 bytes)
Event: 10.903 Thread 0x000000001762d000 nmethod 2775 0x000000000583ba10 code [0x000000000583bb80, 0x000000000583bfd0]
Event: 10.906 Thread 0x0000000017626800 nmethod 2770 0x00000000052d83d0 code [0x00000000052d85e0, 0x00000000052d90f0]
Event: 10.906 Thread 0x0000000017626800 2781 %     4       com.android.dx.ssa.SsaMethod::deleteInsns @ 42 (239 bytes)
Event: 10.907 Thread 0x000000001762d000 2782 %     3       com.android.dx.ssa.back.SsaToRop$1::visitBlock @ 50 (97 bytes)
Event: 10.908 Thread 0x000000001762d000 nmethod 2782% 0x000000000578c050 code [0x000000000578c2c0, 0x000000000578d2a8]
Event: 10.908 Thread 0x000000001762d000 2783       3       com.android.dx.ssa.back.SsaToRop$1::visitBlock (97 bytes)
Event: 10.908 Thread 0x000000001762d000 nmethod 2783 0x000000000508fc90 code [0x000000000508ff00, 0x0000000005090e28]
Event: 10.917 Thread 0x000000001762d000 2784   !   3       com.android.dx.cf.code.ExecutionStack::change (116 bytes)
Event: 10.918 Thread 0x000000001762d000 nmethod 2784 0x00000000054b5bd0 code [0x00000000054b5f40, 0x00000000054b7b98]

GC Heap History (10 events):
Event: 1.655 GC heap before
{Heap before GC invocations=2 (full 0):
 PSYoungGen      total 38400K, used 38395K [0x00000000eab00000, 0x00000000ef600000, 0x0000000100000000)
  eden space 33280K, 100% used [0x00000000eab00000,0x00000000ecb80000,0x00000000ecb80000)
  from space 5120K, 99% used [0x00000000ecb80000,0x00000000ed07ee40,0x00000000ed080000)
  to   space 5120K, 0% used [0x00000000ef100000,0x00000000ef100000,0x00000000ef600000)
 ParOldGen       total 87552K, used 1551K [0x00000000c0000000, 0x00000000c5580000, 0x00000000eab00000)
  object space 87552K, 1% used [0x00000000c0000000,0x00000000c0183c48,0x00000000c5580000)
 Metaspace       used 6243K, capacity 7088K, committed 7296K, reserved 1056768K
  class space    used 582K, capacity 616K, committed 640K, reserved 1048576K
Event: 1.670 GC heap after
Heap after GC invocations=2 (full 0):
 PSYoungGen      total 71680K, used 5099K [0x00000000eab00000, 0x00000000ef600000, 0x0000000100000000)
  eden space 66560K, 0% used [0x00000000eab00000,0x00000000eab00000,0x00000000eec00000)
  from space 5120K, 99% used [0x00000000ef100000,0x00000000ef5fae58,0x00000000ef600000)
  to   space 5120K, 0% used [0x00000000eec00000,0x00000000eec00000,0x00000000ef100000)
 ParOldGen       total 87552K, used 6703K [0x00000000c0000000, 0x00000000c5580000, 0x00000000eab00000)
  object space 87552K, 7% used [0x00000000c0000000,0x00000000c068bc48,0x00000000c5580000)
 Metaspace       used 6243K, capacity 7088K, committed 7296K, reserved 1056768K
  class space    used 582K, capacity 616K, committed 640K, reserved 1048576K
}
Event: 2.680 GC heap before
{Heap before GC invocations=3 (full 0):
 PSYoungGen      total 71680K, used 71659K [0x00000000eab00000, 0x00000000ef600000, 0x0000000100000000)
  eden space 66560K, 100% used [0x00000000eab00000,0x00000000eec00000,0x00000000eec00000)
  from space 5120K, 99% used [0x00000000ef100000,0x00000000ef5fae58,0x00000000ef600000)
  to   space 5120K, 0% used [0x00000000eec00000,0x00000000eec00000,0x00000000ef100000)
 ParOldGen       total 87552K, used 6703K [0x00000000c0000000, 0x00000000c5580000, 0x00000000eab00000)
  object space 87552K, 7% used [0x00000000c0000000,0x00000000c068bc48,0x00000000c5580000)
 Metaspace       used 6352K, capacity 7088K, committed 7296K, reserved 1056768K
  class space    used 585K, capacity 616K, committed 640K, reserved 1048576K
Event: 2.721 GC heap after
Heap after GC invocations=3 (full 0):
 PSYoungGen      total 71680K, used 5099K [0x00000000eab00000, 0x00000000f3700000, 0x0000000100000000)
  eden space 66560K, 0% used [0x00000000eab00000,0x00000000eab00000,0x00000000eec00000)
  from space 5120K, 99% used [0x00000000eec00000,0x00000000ef0fadb8,0x00000000ef100000)
  to   space 5120K, 0% used [0x00000000f3200000,0x00000000f3200000,0x00000000f3700000)
 ParOldGen       total 87552K, used 19857K [0x00000000c0000000, 0x00000000c5580000, 0x00000000eab00000)
  object space 87552K, 22% used [0x00000000c0000000,0x00000000c1364638,0x00000000c5580000)
 Metaspace       used 6352K, capacity 7088K, committed 7296K, reserved 1056768K
  class space    used 585K, capacity 616K, committed 640K, reserved 1048576K
}
Event: 3.056 GC heap before
{Heap before GC invocations=4 (full 0):
 PSYoungGen      total 71680K, used 71659K [0x00000000eab00000, 0x00000000f3700000, 0x0000000100000000)
  eden space 66560K, 100% used [0x00000000eab00000,0x00000000eec00000,0x00000000eec00000)
  from space 5120K, 99% used [0x00000000eec00000,0x00000000ef0fadb8,0x00000000ef100000)
  to   space 5120K, 0% used [0x00000000f3200000,0x00000000f3200000,0x00000000f3700000)
 ParOldGen       total 87552K, used 19857K [0x00000000c0000000, 0x00000000c5580000, 0x00000000eab00000)
  object space 87552K, 22% used [0x00000000c0000000,0x00000000c1364638,0x00000000c5580000)
 Metaspace       used 6378K, capacity 7152K, committed 7296K, reserved 1056768K
  class space    used 585K, capacity 616K, committed 640K, reserved 1048576K
Event: 3.095 GC heap after
Heap after GC invocations=4 (full 0):
 PSYoungGen      total 138240K, used 5116K [0x00000000eab00000, 0x00000000f3700000, 0x0000000100000000)
  eden space 133120K, 0% used [0x00000000eab00000,0x00000000eab00000,0x00000000f2d00000)
  from space 5120K, 99% used [0x00000000f3200000,0x00000000f36ff150,0x00000000f3700000)
  to   space 5120K, 0% used [0x00000000f2d00000,0x00000000f2d00000,0x00000000f3200000)
 ParOldGen       total 87552K, used 34558K [0x00000000c0000000, 0x00000000c5580000, 0x00000000eab00000)
  object space 87552K, 39% used [0x00000000c0000000,0x00000000c21bfb70,0x00000000c5580000)
 Metaspace       used 6378K, capacity 7152K, committed 7296K, reserved 1056768K
  class space    used 585K, capacity 616K, committed 640K, reserved 1048576K
}
Event: 4.832 GC heap before
{Heap before GC invocations=5 (full 0):
 PSYoungGen      total 138240K, used 138236K [0x00000000eab00000, 0x00000000f3700000, 0x0000000100000000)
  eden space 133120K, 100% used [0x00000000eab00000,0x00000000f2d00000,0x00000000f2d00000)
  from space 5120K, 99% used [0x00000000f3200000,0x00000000f36ff150,0x00000000f3700000)
  to   space 5120K, 0% used [0x00000000f2d00000,0x00000000f2d00000,0x00000000f3200000)
 ParOldGen       total 87552K, used 34558K [0x00000000c0000000, 0x00000000c5580000, 0x00000000eab00000)
  object space 87552K, 39% used [0x00000000c0000000,0x00000000c21bfb70,0x00000000c5580000)
 Metaspace       used 6672K, capacity 7320K, committed 7680K, reserved 1056768K
  class space    used 620K, capacity 656K, committed 768K, reserved 1048576K
Event: 4.896 GC heap after
Heap after GC invocations=5 (full 0):
 PSYoungGen      total 138240K, used 5102K [0x00000000eab00000, 0x00000000fee00000, 0x0000000100000000)
  eden space 133120K, 0% used [0x00000000eab00000,0x00000000eab00000,0x00000000f2d00000)
  from space 5120K, 99% used [0x00000000f2d00000,0x00000000f31fb8a0,0x00000000f3200000)
  to   space 32256K, 0% used [0x00000000fce80000,0x00000000fce80000,0x00000000fee00000)
 ParOldGen       total 87552K, used 57258K [0x00000000c0000000, 0x00000000c5580000, 0x00000000eab00000)
  object space 87552K, 65% used [0x00000000c0000000,0x00000000c37eab98,0x00000000c5580000)
 Metaspace       used 6672K, capacity 7320K, committed 7680K, reserved 1056768K
  class space    used 620K, capacity 656K, committed 768K, reserved 1048576K
}
Event: 7.574 GC heap before
{Heap before GC invocations=6 (full 0):
 PSYoungGen      total 138240K, used 138222K [0x00000000eab00000, 0x00000000fee00000, 0x0000000100000000)
  eden space 133120K, 100% used [0x00000000eab00000,0x00000000f2d00000,0x00000000f2d00000)
  from space 5120K, 99% used [0x00000000f2d00000,0x00000000f31fb8a0,0x00000000f3200000)
  to   space 32256K, 0% used [0x00000000fce80000,0x00000000fce80000,0x00000000fee00000)
 ParOldGen       total 87552K, used 57258K [0x00000000c0000000, 0x00000000c5580000, 0x00000000eab00000)
  object space 87552K, 65% used [0x00000000c0000000,0x00000000c37eab98,0x00000000c5580000)
 Metaspace       used 6730K, capacity 7320K, committed 7680K, reserved 1056768K
  class space    used 621K, capacity 656K, committed 768K, reserved 1048576K
Event: 7.618 GC heap after
Heap after GC invocations=6 (full 0):
 PSYoungGen      total 296960K, used 24191K [0x00000000eab00000, 0x00000000ff100000, 0x0000000100000000)
  eden space 264704K, 0% used [0x00000000eab00000,0x00000000eab00000,0x00000000fad80000)
  from space 32256K, 74% used [0x00000000fce80000,0x00000000fe61fe10,0x00000000fee00000)
  to   space 33792K, 0% used [0x00000000fad80000,0x00000000fad80000,0x00000000fce80000)
 ParOldGen       total 87552K, used 57258K [0x00000000c0000000, 0x00000000c5580000, 0x00000000eab00000)
  object space 87552K, 65% used [0x00000000c0000000,0x00000000c37eab98,0x00000000c5580000)
 Metaspace       used 6730K, capacity 7320K, committed 7680K, reserved 1056768K
  class space    used 621K, capacity 656K, committed 768K, reserved 1048576K
}

Deoptimization events (10 events):
Event: 9.152 Thread 0x0000000019367000 Uncommon trap: reason=unstable_if action=reinterpret pc=0x00000000052a3864 method=com.android.dx.dex.code.OutputFinisher.hasLocalInfo(Lcom/android/dx/dex/code/DalvInsn;)Z @ 24
Event: 9.384 Thread 0x0000000019367000 Uncommon trap: reason=class_check action=maybe_recompile pc=0x0000000005634a38 method=com.android.dx.ssa.ConstCollector.getConstsSortedByCountUse()Ljava/util/ArrayList; @ 282
Event: 9.432 Thread 0x0000000004e52800 Uncommon trap: reason=unstable_if action=reinterpret pc=0x00000000056d9d18 method=com.android.dx.cf.code.BaseMachine.popArgs(Lcom/android/dx/cf/code/Frame;I)V @ 15
Event: 9.737 Thread 0x0000000019367000 Uncommon trap: reason=unstable_if action=reinterpret pc=0x00000000056331a0 method=java.util.HashMap.putVal(ILjava/lang/Object;Ljava/lang/Object;ZZ)Ljava/lang/Object; @ 94
Event: 9.750 Thread 0x0000000004e52800 Uncommon trap: reason=unstable_if action=reinterpret pc=0x00000000053dc2e8 method=com.android.dx.ssa.SsaMethod.makeExitBlock()V @ 103
Event: 9.750 Thread 0x0000000004e52800 Uncommon trap: reason=unstable_if action=reinterpret pc=0x0000000005311d30 method=com.android.dx.ssa.SsaMethod.getExitBlock()Lcom/android/dx/ssa/SsaBasicBlock; @ 4
Event: 9.750 Thread 0x0000000004e52800 Uncommon trap: reason=unstable_if action=reinterpret pc=0x000000000577f4ec method=com.android.dx.ssa.SsaMethod.getExitBlock()Lcom/android/dx/ssa/SsaBasicBlock; @ 4
Event: 9.858 Thread 0x0000000019367000 Uncommon trap: reason=bimorphic action=maybe_recompile pc=0x000000000598a5e0 method=com.android.dx.cf.code.BytecodeArray.parseInstruction(ILcom/android/dx/cf/code/BytecodeArray$Visitor;)I @ 939
Event: 9.858 Thread 0x0000000019367000 Uncommon trap: reason=bimorphic action=maybe_recompile pc=0x000000000598a5e0 method=com.android.dx.cf.code.BytecodeArray.parseInstruction(ILcom/android/dx/cf/code/BytecodeArray$Visitor;)I @ 939
Event: 10.021 Thread 0x0000000019367000 Uncommon trap: reason=unstable_if action=reinterpret pc=0x00000000059bbeac method=com.android.dx.cf.code.Merger.mergeType(Lcom/android/dx/rop/type/TypeBearer;Lcom/android/dx/rop/type/TypeBearer;)Lcom/android/dx/rop/type/TypeBearer; @ 133

Classes redefined (0 events):
No events

Internal exceptions (8 events):
Event: 0.035 Thread 0x0000000004e52800 Exception <a 'java/lang/NoSuchMethodError': Method sun.misc.Unsafe.defineClass(Ljava/lang/String;[BII)Ljava/lang/Class; name or signature does not match> (0x00000000eab07ca8) thrown at [D:\j\workspace\openjdk-win64\jdk8u\hotspot\src\share\vm\prims\jni.cpp
Event: 0.035 Thread 0x0000000004e52800 Exception <a 'java/lang/NoSuchMethodError': Method sun.misc.Unsafe.prefetchRead(Ljava/lang/Object;J)V name or signature does not match> (0x00000000eab07f90) thrown at [D:\j\workspace\openjdk-win64\jdk8u\hotspot\src\share\vm\prims\jni.cpp, line 4011]
Event: 3.262 Thread 0x0000000019367000 Exception <a 'java/lang/ArrayIndexOutOfBoundsException': 18> (0x00000000ed4d2c50) thrown at [D:\j\workspace\openjdk-win64\jdk8u\hotspot\src\share\vm\interpreter\interpreterRuntime.cpp, line 366]
Event: 3.263 Thread 0x0000000019367000 Exception <a 'java/lang/ArrayIndexOutOfBoundsException'> (0x00000000ed4d47d0) thrown at [D:\j\workspace\openjdk-win64\jdk8u\hotspot\src\share\vm\runtime\sharedRuntime.cpp, line 605]
Event: 3.263 Thread 0x0000000019367000 Exception <a 'java/lang/ArrayIndexOutOfBoundsException'> (0x00000000ed4d5ab8) thrown at [D:\j\workspace\openjdk-win64\jdk8u\hotspot\src\share\vm\runtime\sharedRuntime.cpp, line 605]
Event: 4.780 Thread 0x0000000004e52800 Implicit null exception at 0x00000000052d6a62 to 0x00000000052d6b5a
Event: 5.215 Thread 0x0000000004e52800 Implicit null exception at 0x00000000056fe53e to 0x00000000056fee99
Event: 7.833 Thread 0x0000000004e52800 Implicit null exception at 0x000000000542daec to 0x000000000542db1d

Events (10 events):
Event: 10.891 Thread 0x000000001762d000 flushing nmethod 0x000000000576c750
Event: 10.892 Thread 0x000000001762d000 flushing nmethod 0x000000000583b690
Event: 10.894 Thread 0x000000001762d000 flushing nmethod 0x000000000584bad0
Event: 10.895 Thread 0x000000001762d000 flushing nmethod 0x00000000058bc810
Event: 10.906 Thread 0x0000000004e52800 DEOPT PACKING pc=0x000000000577c126 sp=0x0000000004e4df80
Event: 10.906 Thread 0x0000000004e52800 DEOPT UNPACKING pc=0x0000000004f975d0 sp=0x0000000004e4dcf0 mode 0
Event: 10.909 Thread 0x0000000004e52800 DEOPT PACKING pc=0x00000000057e0aad sp=0x0000000004e4e0c0
Event: 10.909 Thread 0x0000000004e52800 DEOPT UNPACKING pc=0x0000000004f975d0 sp=0x0000000004e4de38 mode 0
Event: 10.911 Thread 0x0000000004e52800 DEOPT PACKING pc=0x00000000057ced30 sp=0x0000000004e4dfa0
Event: 10.911 Thread 0x0000000004e52800 DEOPT UNPACKING pc=0x0000000004f975d0 sp=0x0000000004e4dd80 mode 0


Dynamic libraries:
0x00007ff64a6f0000 - 0x00007ff64a725000 	C:\Program Files\Android\jdk\microsoft_dist_openjdk_1.8.0.9\bin\java.exe
0x00007ffed72b0000 - 0x00007ffed7490000 	C:\WINDOWS\SYSTEM32\ntdll.dll
0x00007ffed6b30000 - 0x00007ffed6bde000 	C:\WINDOWS\System32\KERNEL32.DLL
0x00007ffed3880000 - 0x00007ffed3ae6000 	C:\WINDOWS\System32\KERNELBASE.dll
0x00007ffed6650000 - 0x00007ffed66f1000 	C:\WINDOWS\System32\ADVAPI32.dll
0x00007ffed4fb0000 - 0x00007ffed504d000 	C:\WINDOWS\System32\msvcrt.dll
0x00007ffed6a70000 - 0x00007ffed6acb000 	C:\WINDOWS\System32\sechost.dll
0x00007ffed64a0000 - 0x00007ffed65bf000 	C:\WINDOWS\System32\RPCRT4.dll
0x00007ffed4920000 - 0x00007ffed4aaf000 	C:\WINDOWS\System32\USER32.dll
0x00007ffed3710000 - 0x00007ffed3730000 	C:\WINDOWS\System32\win32u.dll
0x00007ffed6bf0000 - 0x00007ffed6c18000 	C:\WINDOWS\System32\GDI32.dll
0x00007ffed3c40000 - 0x00007ffed3dd3000 	C:\WINDOWS\System32\gdi32full.dll
0x00007ffed3af0000 - 0x00007ffed3b8b000 	C:\WINDOWS\System32\msvcp_win.dll
0x00007ffed3780000 - 0x00007ffed3875000 	C:\WINDOWS\System32\ucrtbase.dll
0x00007ffec4f10000 - 0x00007ffec5179000 	C:\WINDOWS\WinSxS\amd64_microsoft.windows.common-controls_6595b64144ccf1df_6.0.16299.547_none_15cdd76c936033f5\COMCTL32.dll
0x00007ffed6760000 - 0x00007ffed6a67000 	C:\WINDOWS\System32\combase.dll
0x00007ffed4530000 - 0x00007ffed45a2000 	C:\WINDOWS\System32\bcryptPrimitives.dll
0x00007ffed6620000 - 0x00007ffed664d000 	C:\WINDOWS\System32\IMM32.DLL
0x00000000693a0000 - 0x00000000693d9000 	C:\PROGRA~2\Sophos\SOPHOS~1\SOPHOS~2.DLL
0x00007ffed4800000 - 0x00007ffed4808000 	C:\WINDOWS\System32\PSAPI.DLL
0x00000000688f0000 - 0x00000000689c1000 	C:\Program Files\Android\jdk\microsoft_dist_openjdk_1.8.0.9\jre\bin\msvcr100.dll
0x00000000680a0000 - 0x00000000688e1000 	C:\Program Files\Android\jdk\microsoft_dist_openjdk_1.8.0.9\jre\bin\server\jvm.dll
0x00007ffed0970000 - 0x00007ffed0993000 	C:\WINDOWS\SYSTEM32\WINMM.dll
0x00007ffed0bf0000 - 0x00007ffed0bf9000 	C:\WINDOWS\SYSTEM32\WSOCK32.dll
0x00007ffed6f00000 - 0x00007ffed6f6c000 	C:\WINDOWS\System32\WS2_32.dll
0x00007ffec5180000 - 0x00007ffec518a000 	C:\WINDOWS\SYSTEM32\VERSION.dll
0x00007ffed0940000 - 0x00007ffed096a000 	C:\WINDOWS\SYSTEM32\winmmbase.dll
0x00007ffed3730000 - 0x00007ffed377a000 	C:\WINDOWS\System32\cfgmgr32.dll
0x00007ffecd940000 - 0x00007ffecd94f000 	C:\Program Files\Android\jdk\microsoft_dist_openjdk_1.8.0.9\jre\bin\verify.dll
0x00007ffebb020000 - 0x00007ffebb049000 	C:\Program Files\Android\jdk\microsoft_dist_openjdk_1.8.0.9\jre\bin\java.dll
0x00007ffec5e10000 - 0x00007ffec5e26000 	C:\Program Files\Android\jdk\microsoft_dist_openjdk_1.8.0.9\jre\bin\zip.dll
0x00007ffed5050000 - 0x00007ffed6488000 	C:\WINDOWS\System32\SHELL32.dll
0x00007ffed4f00000 - 0x00007ffed4fa6000 	C:\WINDOWS\System32\shcore.dll
0x00007ffed3de0000 - 0x00007ffed4527000 	C:\WINDOWS\System32\windows.storage.dll
0x00007ffed6700000 - 0x00007ffed6751000 	C:\WINDOWS\System32\shlwapi.dll
0x00007ffed3690000 - 0x00007ffed36a1000 	C:\WINDOWS\System32\kernel.appcore.dll
0x00007ffed3640000 - 0x00007ffed368c000 	C:\WINDOWS\System32\powrprof.dll
0x00007ffed3600000 - 0x00007ffed361b000 	C:\WINDOWS\System32\profapi.dll

VM Arguments:
jvm_args: -Xmx1G 
java_command: C:\Program Files (x86)\Android\android-sdk\build-tools\27.0.3\\lib\dx.jar --dex --no-strict --output obj\Debug\81\android\bin C:\Users\abezerra\Documents\eziBANK\eziBANK\eziBANK.Android\obj\Debug\81\android\bin\classes.zip C:\Program Files (x86)\Microsoft Visual Studio\2017\Community\Common7\IDE\ReferenceAssemblies\Microsoft\Framework\MonoAndroid\v8.1\mono.android.jar obj\Debug\81\lp\17\jl\arch-core-common.jar obj\Debug\81\lp\18\jl\arch-lifecycle-common.jar obj\Debug\81\lp\19\jl\bin\classes.jar obj\Debug\81\lp\20\jl\bin\classes.jar obj\Debug\81\lp\22\jl\bin\classes.jar obj\Debug\81\lp\23\jl\bin\classes.jar obj\Debug\81\lp\24\jl\bin\classes.jar obj\Debug\81\lp\25\jl\bin\classes.jar obj\Debug\81\lp\26\jl\bin\classes.jar obj\Debug\81\lp\27\jl\bin\classes.jar obj\Debug\81\lp\28\jl\bin\classes.jar obj\Debug\81\lp\29\jl\bin\classes.jar obj\Debug\81\lp\3\jl\formsviewgroup.jar obj\Debug\81\lp\30\jl\bin\classes.jar obj\Debug\81\lp\31\jl\bin\classes.jar obj\Debug\81\lp\32\jl\bin\classes.jar obj\Debug\81\lp\33\jl\bin\classes.jar obj\Debug\81\lp\34\jl\bin\classes.jar obj\Debug\81\lp\35\jl\bin\classes.jar
java_class_path (initial): C:\Program Files (x86)\Android\android-sdk\build-tools\27.0.3\\lib\dx.jar
Launcher Type: SUN_STANDARD

Environment Variables:
JAVA_HOME=C:\Program Files\Android\jdk\microsoft_dist_openjdk_1.8.0.9
CLASSPATH=C:\Program Files (x86)\Java\jdk1.8.0_161\\lib;C:\Program Files (x86)\Java\jdk1.8.0_161\\lib\tools.jar;C:\Program Files (x86)\Java\jdk1.8.0_161\\lib\dt.jar;C:\Program Files (x86)\Java\jdk1.8.0_161\\lib\htmlconverter.jar;C:\Program Files (x86)\Java\jdk1.8.0_161\\jre\lib;C:\Program Files (x86)\Java\jdk1.8.0_161\\jre\lib\rt.jar;
PATH=C:\Program Files\Android\jdk\microsoft_dist_openjdk_1.8.0.9\bin;C:\Program Files (x86)\Common Files\Oracle\Java\javapath;C:\ProgramData\Oracle\Java\javapath;C:\WINDOWS\system32;C:\WINDOWS;C:\WINDOWS\System32\Wbem;C:\WINDOWS\System32\WindowsPowerShell\v1.0\;C:\Program Files (x86)\Attachmate\EXTRA!\;C:\Program Files (x86)\Borland\StarTeam SDK 13.0\Lib;C:\Program Files (x86)\Borland\StarTeam SDK 13.0\Bin;C:\Program Files (x86)\Java\jdk1.8.0_161\\bin;C:\Program Files\Micro Focus\StarTeam SDK 16.0\lib;C:\Program Files\Micro Focus\StarTeam SDK 16.0\bin;C:\Program Files\dotnet\;C:\Program Files\Microsoft VS Code\bin;C:\Program Files\Microsoft SQL Server\Client SDK\ODBC\130\Tools\Binn\;C:\Program Files (x86)\Microsoft SQL Server\140\Tools\Binn\;C:\Program Files\Microsoft SQL Server\140\Tools\Binn\;C:\Program Files\Microsoft SQL Server\140\DTS\Binn\;C:\Program Files (x86)\Microsoft SQL Server\Client SDK\ODBC\130\Tools\Binn\;C:\Program Files (x86)\Microsoft SQL Server\140\DTS\Binn\;C:\Program Files (x86)\Microsoft SQL Server\140\Tools\Binn\ManagementStudio\;C:\Program Files\Microsoft SQL Server\130\Tools\Binn\;C:\Program Files (x86)\dotnet\;C:\Program Files\Microsoft\Web Platform Installer\;C:\Program Files (x86)\nodejs\;C:\Program Files\Git\cmd;C:\Program Files\TortoiseSVN\bin;C:\Users\abezerra\AppData\Local\Microsoft\WindowsApps;
USERNAME=abezerra
OS=Windows_NT
PROCESSOR_IDENTIFIER=Intel64 Family 6 Model 142 Stepping 9, GenuineIntel



---------------  S Y S T E M  ---------------

OS: Windows 10.0 , 64 bit Build 16299 (10.0.16299.431)

CPU:total 4 (initial active 4) (2 cores per cpu, 2 threads per core) family 6 model 142 stepping 9, cmov, cx8, fxsr, mmx, sse, sse2, sse3, ssse3, sse4.1, sse4.2, popcnt, avx, avx2, aes, clmul, erms, 3dnowpref, lzcnt, ht, tsc, tscinvbit, bmi1, bmi2, adx

Memory: 4k page, physical 8296468k(1145824k free), swap 8296468k(5248k free)

vm_info: OpenJDK 64-Bit Server VM (25.71-b00) for windows-amd64 JRE (1.8.0-9-microsoft-b00), built on Jul 24 2018 20:49:06 by "azure-builder" with MS VC++ 10.0 (VS2010)

time: Wed Mar 06 19:31:12 2019
elapsed time: 10 seconds (0d 0h 0m 10s)

